This file contains any messages produced by compilers while
running configure, to aid debugging if configure makes a mistake.

It was created by libev configure 4.27, which was
generated by GNU Autoconf 2.69.  Invocation command line was

  $ ./configure 

## --------- ##
## Platform. ##
## --------- ##

hostname = localhost.localdomain
uname -m = x86_64
uname -r = 5.1.18-300.fc30.x86_64
uname -s = Linux
uname -v = #1 SMP Mon Jul 15 15:42:34 UTC 2019

/usr/bin/uname -p = x86_64
/bin/uname -X     = unknown

/bin/arch              = x86_64
/usr/bin/arch -k       = unknown
/usr/convex/getsysinfo = unknown
/usr/bin/hostinfo      = unknown
/bin/machine           = unknown
/usr/bin/oslevel       = unknown
/bin/universe          = unknown

PATH: /usr/local/bin
PATH: /usr/bin
PATH: /bin
PATH: /home/bq666/bin
PATH: /usr/local/sbin
PATH: /usr/sbin


## ----------- ##
## Core tests. ##
## ----------- ##

configure:2270: checking for a BSD-compatible install
configure:2338: result: /usr/bin/install -c
configure:2349: checking whether build environment is sane
configure:2404: result: yes
configure:2553: checking for a thread-safe mkdir -p
configure:2592: result: /usr/bin/mkdir -p
configure:2599: checking for gawk
configure:2615: found /usr/bin/gawk
configure:2626: result: gawk
configure:2637: checking whether make sets $(MAKE)
configure:2659: result: yes
configure:2688: checking whether make supports nested variables
configure:2705: result: yes
configure:2835: checking whether to enable maintainer-specific portions of Makefiles
configure:2844: result: no
configure:2906: checking for gcc
configure:2922: found /usr/bin/gcc
configure:2933: result: gcc
configure:3162: checking for C compiler version
configure:3171: gcc --version >&5
gcc (GCC) 9.1.1 20190503 (Red Hat 9.1.1-1)
Copyright (C) 2019 Free Software Foundation, Inc.
This is free software; see the source for copying conditions.  There is NO
warranty; not even for MERCHANTABILITY or FITNESS FOR A PARTICULAR PURPOSE.

configure:3182: $? = 0
configure:3171: gcc -v >&5
Using built-in specs.
COLLECT_GCC=gcc
COLLECT_LTO_WRAPPER=/usr/libexec/gcc/x86_64-redhat-linux/9/lto-wrapper
OFFLOAD_TARGET_NAMES=nvptx-none
OFFLOAD_TARGET_DEFAULT=1
Target: x86_64-redhat-linux
Configured with: ../configure --enable-bootstrap --enable-languages=c,c++,fortran,objc,obj-c++,ada,go,d,lto --prefix=/usr --mandir=/usr/share/man --infodir=/usr/share/info --with-bugurl=http://bugzilla.redhat.com/bugzilla --enable-shared --enable-threads=posix --enable-checking=release --enable-multilib --with-system-zlib --enable-__cxa_atexit --disable-libunwind-exceptions --enable-gnu-unique-object --enable-linker-build-id --with-gcc-major-version-only --with-linker-hash-style=gnu --enable-plugin --enable-initfini-array --with-isl --enable-offload-targets=nvptx-none --without-cuda-driver --enable-gnu-indirect-function --enable-cet --with-tune=generic --with-arch_32=i686 --build=x86_64-redhat-linux
Thread model: posix
gcc version 9.1.1 20190503 (Red Hat 9.1.1-1) (GCC) 
configure:3182: $? = 0
configure:3171: gcc -V >&5
gcc: error: unrecognized command line option '-V'
gcc: fatal error: no input files
compilation terminated.
configure:3182: $? = 1
configure:3171: gcc -qversion >&5
gcc: error: unrecognized command line option '-qversion'; did you mean '--version'?
gcc: fatal error: no input files
compilation terminated.
configure:3182: $? = 1
configure:3202: checking whether the C compiler works
configure:3224: gcc    conftest.c  >&5
configure:3228: $? = 0
configure:3276: result: yes
configure:3279: checking for C compiler default output file name
configure:3281: result: a.out
configure:3287: checking for suffix of executables
configure:3294: gcc -o conftest    conftest.c  >&5
configure:3298: $? = 0
configure:3320: result: 
configure:3342: checking whether we are cross compiling
configure:3350: gcc -o conftest    conftest.c  >&5
configure:3354: $? = 0
configure:3361: ./conftest
configure:3365: $? = 0
configure:3353: result: no
configure:3358: checking for suffix of object files
configure:3380: gcc -c   conftest.c >&5
configure:3384: $? = 0
configure:3405: result: o
configure:3409: checking whether we are using the GNU C compiler
configure:3428: gcc -c   conftest.c >&5
configure:3428: $? = 0
configure:3437: result: yes
configure:3446: checking whether gcc accepts -g
configure:3466: gcc -c -g  conftest.c >&5
configure:3466: $? = 0
configure:3507: result: yes
configure:3524: checking for gcc option to accept ISO C89
configure:3587: gcc  -c -g -O2  conftest.c >&5
configure:3587: $? = 0
configure:3600: result: none needed
configure:3625: checking whether gcc understands -c and -o together
configure:3647: gcc -c conftest.c -o conftest2.o
configure:3650: $? = 0
configure:3647: gcc -c conftest.c -o conftest2.o
configure:3650: $? = 0
configure:3662: result: yes
configure:3682: checking whether make supports the include directive
configure:3697: make -f confmf.GNU && cat confinc.out
this is the am__doit target
configure:3700: $? = 0
configure:3719: result: yes (GNU style)
configure:3744: checking dependency style of gcc
configure:3855: result: gcc3
configure:3907: checking build system type
configure:3921: result: x86_64-pc-linux-gnu
configure:3941: checking host system type
configure:3954: result: x86_64-pc-linux-gnu
configure:3995: checking how to print strings
configure:4022: result: printf
configure:4043: checking for a sed that does not truncate output
configure:4107: result: /usr/bin/sed
configure:4125: checking for grep that handles long lines and -e
configure:4183: result: /usr/bin/grep
configure:4188: checking for egrep
configure:4250: result: /usr/bin/grep -E
configure:4255: checking for fgrep
configure:4317: result: /usr/bin/grep -F
configure:4352: checking for ld used by gcc
configure:4419: result: /usr/bin/ld
configure:4426: checking if the linker (/usr/bin/ld) is GNU ld
configure:4441: result: yes
configure:4453: checking for BSD- or MS-compatible name lister (nm)
configure:4507: result: /usr/bin/nm -B
configure:4637: checking the name lister (/usr/bin/nm -B) interface
configure:4644: gcc -c -g -O3  conftest.c >&5
configure:4647: /usr/bin/nm -B "conftest.o"
configure:4650: output
0000000000000000 B some_variable
configure:4651: result: BSD nm
configure:4654: checking whether ln -s works
configure:4658: result: yes
configure:4666: checking the maximum length of command line arguments
configure:4797: result: 1572864
configure:4845: checking how to convert x86_64-pc-linux-gnu file names to x86_64-pc-linux-gnu format
configure:4885: result: func_convert_file_noop
configure:4892: checking how to convert x86_64-pc-linux-gnu file names to toolchain format
configure:4912: result: func_convert_file_noop
configure:4919: checking for /usr/bin/ld option to reload object files
configure:4926: result: -r
configure:5000: checking for objdump
configure:5016: found /usr/bin/objdump
configure:5027: result: objdump
configure:5059: checking how to recognize dependent libraries
configure:5259: result: pass_all
configure:5344: checking for dlltool
configure:5374: result: no
configure:5404: checking how to associate runtime and link libraries
configure:5431: result: printf %s\n
configure:5492: checking for ar
configure:5508: found /usr/bin/ar
configure:5519: result: ar
configure:5556: checking for archiver @FILE support
configure:5573: gcc -c -g -O3  conftest.c >&5
configure:5573: $? = 0
configure:5576: ar cru libconftest.a @conftest.lst >&5
configure:5579: $? = 0
configure:5584: ar cru libconftest.a @conftest.lst >&5
ar: conftest.o: No such file or directory
configure:5587: $? = 1
configure:5586: result: @
configure:5644: checking for strip
configure:5660: found /usr/bin/strip
configure:5671: result: strip
configure:5743: checking for ranlib
configure:5759: found /usr/bin/ranlib
configure:5770: result: ranlib
configure:5872: checking command to parse /usr/bin/nm -B output from gcc object
configure:6025: gcc -c -g -O3  conftest.c >&5
configure:6028: $? = 0
configure:6032: /usr/bin/nm -B conftest.o | sed -n -e 's/^.*[	 ]\([ABCDGIRSTW][ABCDGIRSTW]*\)[	 ][	 ]*\([_A-Za-z][_A-Za-z0-9]*\)$/\1 \2 \2/p' | sed '/ __gnu_lto/d' > conftest.nm
configure:6098: gcc -o conftest -g -O3   conftest.c conftstm.o >&5
configure:6101: $? = 0
configure:6139: result: ok
configure:6186: checking for sysroot
configure:6216: result: no
configure:6223: checking for a working dd
configure:6261: result: /usr/bin/dd
configure:6265: checking how to truncate binary pipes
configure:6280: result: /usr/bin/dd bs=4096 count=1
configure:6416: gcc -c -g -O3  conftest.c >&5
configure:6419: $? = 0
configure:6609: checking for mt
configure:6639: result: no
configure:6659: checking if : is a manifest tool
configure:6665: : '-?'
configure:6673: result: no
configure:7350: checking how to run the C preprocessor
configure:7381: gcc -E  conftest.c
configure:7381: $? = 0
configure:7395: gcc -E  conftest.c
conftest.c:11:10: fatal error: ac_nonexistent.h: No such file or directory
   11 | #include <ac_nonexistent.h>
      |          ^~~~~~~~~~~~~~~~~~
compilation terminated.
configure:7395: $? = 1
configure: failed program was:
| /* confdefs.h */
| #define PACKAGE_NAME "libev"
| #define PACKAGE_TARNAME "libev"
| #define PACKAGE_VERSION "4.27"
| #define PACKAGE_STRING "libev 4.27"
| #define PACKAGE_BUGREPORT ""
| #define PACKAGE_URL ""
| #define PACKAGE "libev"
| #define VERSION "4.27"
| /* end confdefs.h.  */
| #include <ac_nonexistent.h>
configure:7420: result: gcc -E
configure:7440: gcc -E  conftest.c
configure:7440: $? = 0
configure:7454: gcc -E  conftest.c
conftest.c:11:10: fatal error: ac_nonexistent.h: No such file or directory
   11 | #include <ac_nonexistent.h>
      |          ^~~~~~~~~~~~~~~~~~
compilation terminated.
configure:7454: $? = 1
configure: failed program was:
| /* confdefs.h */
| #define PACKAGE_NAME "libev"
| #define PACKAGE_TARNAME "libev"
| #define PACKAGE_VERSION "4.27"
| #define PACKAGE_STRING "libev 4.27"
| #define PACKAGE_BUGREPORT ""
| #define PACKAGE_URL ""
| #define PACKAGE "libev"
| #define VERSION "4.27"
| /* end confdefs.h.  */
| #include <ac_nonexistent.h>
configure:7483: checking for ANSI C header files
configure:7503: gcc -c -g -O3  conftest.c >&5
configure:7503: $? = 0
configure:7576: gcc -o conftest -g -O3   conftest.c  >&5
configure:7576: $? = 0
configure:7576: ./conftest
configure:7576: $? = 0
configure:7587: result: yes
configure:7600: checking for sys/types.h
configure:7600: gcc -c -g -O3  conftest.c >&5
configure:7600: $? = 0
configure:7600: result: yes
configure:7600: checking for sys/stat.h
configure:7600: gcc -c -g -O3  conftest.c >&5
configure:7600: $? = 0
configure:7600: result: yes
configure:7600: checking for stdlib.h
configure:7600: gcc -c -g -O3  conftest.c >&5
configure:7600: $? = 0
configure:7600: result: yes
configure:7600: checking for string.h
configure:7600: gcc -c -g -O3  conftest.c >&5
configure:7600: $? = 0
configure:7600: result: yes
configure:7600: checking for memory.h
configure:7600: gcc -c -g -O3  conftest.c >&5
configure:7600: $? = 0
configure:7600: result: yes
configure:7600: checking for strings.h
configure:7600: gcc -c -g -O3  conftest.c >&5
configure:7600: $? = 0
configure:7600: result: yes
configure:7600: checking for inttypes.h
configure:7600: gcc -c -g -O3  conftest.c >&5
configure:7600: $? = 0
configure:7600: result: yes
configure:7600: checking for stdint.h
configure:7600: gcc -c -g -O3  conftest.c >&5
configure:7600: $? = 0
configure:7600: result: yes
configure:7600: checking for unistd.h
configure:7600: gcc -c -g -O3  conftest.c >&5
configure:7600: $? = 0
configure:7600: result: yes
configure:7614: checking for dlfcn.h
configure:7614: gcc -c -g -O3  conftest.c >&5
configure:7614: $? = 0
configure:7614: result: yes
configure:7870: checking for objdir
configure:7885: result: .libs
configure:8145: checking if gcc supports -fno-rtti -fno-exceptions
configure:8163: gcc -c -g -O3  -fno-rtti -fno-exceptions conftest.c >&5
cc1: warning: command line option '-fno-rtti' is valid for C++/D/ObjC++ but not for C
configure:8167: $? = 0
configure:8180: result: no
configure:8538: checking for gcc option to produce PIC
configure:8545: result: -fPIC -DPIC
configure:8553: checking if gcc PIC flag -fPIC -DPIC works
configure:8571: gcc -c -g -O3  -fPIC -DPIC -DPIC conftest.c >&5
configure:8575: $? = 0
configure:8588: result: yes
configure:8617: checking if gcc static flag -static works
configure:8645: result: no
configure:8660: checking if gcc supports -c -o file.o
configure:8681: gcc -c -g -O3  -o out/conftest2.o conftest.c >&5
configure:8685: $? = 0
configure:8707: result: yes
configure:8715: checking if gcc supports -c -o file.o
configure:8762: result: yes
configure:8795: checking whether the gcc linker (/usr/bin/ld -m elf_x86_64) supports shared libraries
configure:10058: result: yes
configure:10095: checking whether -lc should be explicitly linked in
configure:10103: gcc -c -g -O3  conftest.c >&5
configure:10106: $? = 0
configure:10121: gcc -shared  -fPIC -DPIC conftest.o  -v -Wl,-soname -Wl,conftest -o conftest 2\>\&1 \| /usr/bin/grep  -lc  \>/dev/null 2\>\&1
configure:10124: $? = 0
configure:10138: result: no
configure:10298: checking dynamic linker characteristics
configure:10879: gcc -o conftest -g -O3   -Wl,-rpath -Wl,/foo conftest.c  >&5
configure:10879: $? = 0
configure:11128: result: GNU/Linux ld.so
configure:11250: checking how to hardcode library paths into programs
configure:11275: result: immediate
configure:11823: checking whether stripping libraries is possible
configure:11828: result: yes
configure:11863: checking if libtool supports shared libraries
configure:11865: result: yes
configure:11868: checking whether to build shared libraries
configure:11893: result: yes
configure:11896: checking whether to build static libraries
configure:11900: result: yes
configure:8718: checking sys/inotify.h usability
configure:8718: gcc -c -g -O3  conftest.c >&5
configure:8718: $? = 0
configure:8718: result: yes
configure:8718: checking sys/inotify.h presence
configure:8718: gcc -E  conftest.c
configure:8718: $? = 0
configure:8718: result: yes
configure:8718: checking for sys/inotify.h
configure:8718: result: yes
configure:8718: checking sys/epoll.h usability
configure:8718: gcc -c -g -O3  conftest.c >&5
configure:8718: $? = 0
configure:8718: result: yes
configure:8718: checking sys/epoll.h presence
configure:8718: gcc -E  conftest.c
configure:8718: $? = 0
configure:8718: result: yes
configure:8718: checking for sys/epoll.h
configure:8718: result: yes
configure:8718: checking sys/event.h usability
configure:8718: gcc -c -g -O3  conftest.c >&5
conftest.c:58:10: fatal error: sys/event.h: No such file or directory
   58 | #include <sys/event.h>
      |          ^~~~~~~~~~~~~
compilation terminated.
configure:8718: $? = 1
configure: failed program was:
| /* confdefs.h */
| #define PACKAGE_NAME "libev"
| #define PACKAGE_TARNAME "libev"
| #define PACKAGE_VERSION "4.27"
| #define PACKAGE_STRING "libev 4.27"
| #define PACKAGE_BUGREPORT ""
| #define PACKAGE_URL ""
| #define PACKAGE "libev"
| #define VERSION "4.27"
| #define STDC_HEADERS 1
| #define HAVE_SYS_TYPES_H 1
| #define HAVE_SYS_STAT_H 1
| #define HAVE_STDLIB_H 1
| #define HAVE_STRING_H 1
| #define HAVE_MEMORY_H 1
| #define HAVE_STRINGS_H 1
| #define HAVE_INTTYPES_H 1
| #define HAVE_STDINT_H 1
| #define HAVE_UNISTD_H 1
| #define HAVE_DLFCN_H 1
| #define LT_OBJDIR ".libs/"
| #define HAVE_SYS_INOTIFY_H 1
| #define HAVE_SYS_EPOLL_H 1
| /* end confdefs.h.  */
| #include <stdio.h>
| #ifdef HAVE_SYS_TYPES_H
| # include <sys/types.h>
| #endif
| #ifdef HAVE_SYS_STAT_H
| # include <sys/stat.h>
| #endif
| #ifdef STDC_HEADERS
| # include <stdlib.h>
| # include <stddef.h>
| #else
| # ifdef HAVE_STDLIB_H
| #  include <stdlib.h>
| # endif
| #endif
| #ifdef HAVE_STRING_H
| # if !defined STDC_HEADERS && defined HAVE_MEMORY_H
| #  include <memory.h>
| # endif
| # include <string.h>
| #endif
| #ifdef HAVE_STRINGS_H
| # include <strings.h>
| #endif
| #ifdef HAVE_INTTYPES_H
| # include <inttypes.h>
| #endif
| #ifdef HAVE_STDINT_H
| # include <stdint.h>
| #endif
| #ifdef HAVE_UNISTD_H
| # include <unistd.h>
| #endif
| #include <sys/event.h>
configure:8718: result: no
configure:8718: checking sys/event.h presence
configure:8718: gcc -E  conftest.c
conftest.c:25:10: fatal error: sys/event.h: No such file or directory
   25 | #include <sys/event.h>
      |          ^~~~~~~~~~~~~
compilation terminated.
configure:8718: $? = 1
configure: failed program was:
| /* confdefs.h */
| #define PACKAGE_NAME "libev"
| #define PACKAGE_TARNAME "libev"
| #define PACKAGE_VERSION "4.27"
| #define PACKAGE_STRING "libev 4.27"
| #define PACKAGE_BUGREPORT ""
| #define PACKAGE_URL ""
| #define PACKAGE "libev"
| #define VERSION "4.27"
| #define STDC_HEADERS 1
| #define HAVE_SYS_TYPES_H 1
| #define HAVE_SYS_STAT_H 1
| #define HAVE_STDLIB_H 1
| #define HAVE_STRING_H 1
| #define HAVE_MEMORY_H 1
| #define HAVE_STRINGS_H 1
| #define HAVE_INTTYPES_H 1
| #define HAVE_STDINT_H 1
| #define HAVE_UNISTD_H 1
| #define HAVE_DLFCN_H 1
| #define LT_OBJDIR ".libs/"
| #define HAVE_SYS_INOTIFY_H 1
| #define HAVE_SYS_EPOLL_H 1
| /* end confdefs.h.  */
| #include <sys/event.h>
configure:8718: result: no
configure:8718: checking for sys/event.h
configure:8718: result: no
configure:8718: checking port.h usability
configure:8718: gcc -c -g -O3  conftest.c >&5
conftest.c:58:10: fatal error: port.h: No such file or directory
   58 | #include <port.h>
      |          ^~~~~~~~
compilation terminated.
configure:8718: $? = 1
configure: failed program was:
| /* confdefs.h */
| #define PACKAGE_NAME "libev"
| #define PACKAGE_TARNAME "libev"
| #define PACKAGE_VERSION "4.27"
| #define PACKAGE_STRING "libev 4.27"
| #define PACKAGE_BUGREPORT ""
| #define PACKAGE_URL ""
| #define PACKAGE "libev"
| #define VERSION "4.27"
| #define STDC_HEADERS 1
| #define HAVE_SYS_TYPES_H 1
| #define HAVE_SYS_STAT_H 1
| #define HAVE_STDLIB_H 1
| #define HAVE_STRING_H 1
| #define HAVE_MEMORY_H 1
| #define HAVE_STRINGS_H 1
| #define HAVE_INTTYPES_H 1
| #define HAVE_STDINT_H 1
| #define HAVE_UNISTD_H 1
| #define HAVE_DLFCN_H 1
| #define LT_OBJDIR ".libs/"
| #define HAVE_SYS_INOTIFY_H 1
| #define HAVE_SYS_EPOLL_H 1
| /* end confdefs.h.  */
| #include <stdio.h>
| #ifdef HAVE_SYS_TYPES_H
| # include <sys/types.h>
| #endif
| #ifdef HAVE_SYS_STAT_H
| # include <sys/stat.h>
| #endif
| #ifdef STDC_HEADERS
| # include <stdlib.h>
| # include <stddef.h>
| #else
| # ifdef HAVE_STDLIB_H
| #  include <stdlib.h>
| # endif
| #endif
| #ifdef HAVE_STRING_H
| # if !defined STDC_HEADERS && defined HAVE_MEMORY_H
| #  include <memory.h>
| # endif
| # include <string.h>
| #endif
| #ifdef HAVE_STRINGS_H
| # include <strings.h>
| #endif
| #ifdef HAVE_INTTYPES_H
| # include <inttypes.h>
| #endif
| #ifdef HAVE_STDINT_H
| # include <stdint.h>
| #endif
| #ifdef HAVE_UNISTD_H
| # include <unistd.h>
| #endif
| #include <port.h>
configure:8718: result: no
configure:8718: checking port.h presence
configure:8718: gcc -E  conftest.c
conftest.c:25:10: fatal error: port.h: No such file or directory
   25 | #include <port.h>
      |          ^~~~~~~~
compilation terminated.
configure:8718: $? = 1
configure: failed program was:
| /* confdefs.h */
| #define PACKAGE_NAME "libev"
| #define PACKAGE_TARNAME "libev"
| #define PACKAGE_VERSION "4.27"
| #define PACKAGE_STRING "libev 4.27"
| #define PACKAGE_BUGREPORT ""
| #define PACKAGE_URL ""
| #define PACKAGE "libev"
| #define VERSION "4.27"
| #define STDC_HEADERS 1
| #define HAVE_SYS_TYPES_H 1
| #define HAVE_SYS_STAT_H 1
| #define HAVE_STDLIB_H 1
| #define HAVE_STRING_H 1
| #define HAVE_MEMORY_H 1
| #define HAVE_STRINGS_H 1
| #define HAVE_INTTYPES_H 1
| #define HAVE_STDINT_H 1
| #define HAVE_UNISTD_H 1
| #define HAVE_DLFCN_H 1
| #define LT_OBJDIR ".libs/"
| #define HAVE_SYS_INOTIFY_H 1
| #define HAVE_SYS_EPOLL_H 1
| /* end confdefs.h.  */
| #include <port.h>
configure:8718: result: no
configure:8718: checking for port.h
configure:8718: result: no
configure:8718: checking poll.h usability
configure:8718: gcc -c -g -O3  conftest.c >&5
configure:8718: $? = 0
configure:8718: result: yes
configure:8718: checking poll.h presence
configure:8718: gcc -E  conftest.c
configure:8718: $? = 0
configure:8718: result: yes
configure:8718: checking for poll.h
configure:8718: result: yes
configure:8731: checking sys/select.h usability
configure:8731: gcc -c -g -O3  conftest.c >&5
configure:8731: $? = 0
configure:8731: result: yes
configure:8731: checking sys/select.h presence
configure:8731: gcc -E  conftest.c
configure:8731: $? = 0
configure:8731: result: yes
configure:8731: checking for sys/select.h
configure:8731: result: yes
configure:8731: checking sys/eventfd.h usability
configure:8731: gcc -c -g -O3  conftest.c >&5
configure:8731: $? = 0
configure:8731: result: yes
configure:8731: checking sys/eventfd.h presence
configure:8731: gcc -E  conftest.c
configure:8731: $? = 0
configure:8731: result: yes
configure:8731: checking for sys/eventfd.h
configure:8731: result: yes
configure:8731: checking sys/signalfd.h usability
configure:8731: gcc -c -g -O3  conftest.c >&5
configure:8731: $? = 0
configure:8731: result: yes
configure:8731: checking sys/signalfd.h presence
configure:8731: gcc -E  conftest.c
configure:8731: $? = 0
configure:8731: result: yes
configure:8731: checking for sys/signalfd.h
configure:8731: result: yes
configure:8731: checking linux/aio_abi.h usability
configure:8731: gcc -c -g -O3  conftest.c >&5
configure:8731: $? = 0
configure:8731: result: yes
configure:8731: checking linux/aio_abi.h presence
configure:8731: gcc -E  conftest.c
configure:8731: $? = 0
configure:8731: result: yes
configure:8731: checking for linux/aio_abi.h
configure:8731: result: yes
configure:8745: checking for inotify_init
configure:8745: gcc -o conftest -g -O3   conftest.c  >&5
configure:8745: $? = 0
configure:8745: result: yes
configure:8745: checking for epoll_ctl
configure:8745: gcc -o conftest -g -O3   conftest.c  >&5
configure:8745: $? = 0
configure:8745: result: yes
configure:8745: checking for kqueue
configure:8745: gcc -o conftest -g -O3   conftest.c  >&5
/usr/bin/ld: /tmp/cc0xufpT.o: in function `main':
/home/bq666/Workspace/LUA/libev-4.27/conftest.c:66: undefined reference to `kqueue'
collect2: error: ld returned 1 exit status
configure:8745: $? = 1
configure: failed program was:
| /* confdefs.h */
| #define PACKAGE_NAME "libev"
| #define PACKAGE_TARNAME "libev"
| #define PACKAGE_VERSION "4.27"
| #define PACKAGE_STRING "libev 4.27"
| #define PACKAGE_BUGREPORT ""
| #define PACKAGE_URL ""
| #define PACKAGE "libev"
| #define VERSION "4.27"
| #define STDC_HEADERS 1
| #define HAVE_SYS_TYPES_H 1
| #define HAVE_SYS_STAT_H 1
| #define HAVE_STDLIB_H 1
| #define HAVE_STRING_H 1
| #define HAVE_MEMORY_H 1
| #define HAVE_STRINGS_H 1
| #define HAVE_INTTYPES_H 1
| #define HAVE_STDINT_H 1
| #define HAVE_UNISTD_H 1
| #define HAVE_DLFCN_H 1
| #define LT_OBJDIR ".libs/"
| #define HAVE_SYS_INOTIFY_H 1
| #define HAVE_SYS_EPOLL_H 1
| #define HAVE_POLL_H 1
| #define HAVE_SYS_SELECT_H 1
| #define HAVE_SYS_EVENTFD_H 1
| #define HAVE_SYS_SIGNALFD_H 1
| #define HAVE_LINUX_AIO_ABI_H 1
| #define HAVE_INOTIFY_INIT 1
| #define HAVE_EPOLL_CTL 1
| /* end confdefs.h.  */
| /* Define kqueue to an innocuous variant, in case <limits.h> declares kqueue.
|    For example, HP-UX 11i <limits.h> declares gettimeofday.  */
| #define kqueue innocuous_kqueue
| 
| /* System header to define __stub macros and hopefully few prototypes,
|     which can conflict with char kqueue (); below.
|     Prefer <limits.h> to <assert.h> if __STDC__ is defined, since
|     <limits.h> exists even on freestanding compilers.  */
| 
| #ifdef __STDC__
| # include <limits.h>
| #else
| # include <assert.h>
| #endif
| 
| #undef kqueue
| 
| /* Override any GCC internal prototype to avoid an error.
|    Use char because int might match the return type of a GCC
|    builtin and then its argument prototype would still apply.  */
| #ifdef __cplusplus
| extern "C"
| #endif
| char kqueue ();
| /* The GNU C library defines this for functions which it implements
|     to always fail with ENOSYS.  Some functions are actually named
|     something starting with __ and the normal name is an alias.  */
| #if defined __stub_kqueue || defined __stub___kqueue
| choke me
| #endif
| 
| int
| main ()
| {
| return kqueue ();
|   ;
|   return 0;
| }
configure:8745: result: no
configure:8745: checking for port_create
configure:8745: gcc -o conftest -g -O3   conftest.c  >&5
/usr/bin/ld: /tmp/ccsHQrAW.o: in function `main':
/home/bq666/Workspace/LUA/libev-4.27/conftest.c:66: undefined reference to `port_create'
collect2: error: ld returned 1 exit status
configure:8745: $? = 1
configure: failed program was:
| /* confdefs.h */
| #define PACKAGE_NAME "libev"
| #define PACKAGE_TARNAME "libev"
| #define PACKAGE_VERSION "4.27"
| #define PACKAGE_STRING "libev 4.27"
| #define PACKAGE_BUGREPORT ""
| #define PACKAGE_URL ""
| #define PACKAGE "libev"
| #define VERSION "4.27"
| #define STDC_HEADERS 1
| #define HAVE_SYS_TYPES_H 1
| #define HAVE_SYS_STAT_H 1
| #define HAVE_STDLIB_H 1
| #define HAVE_STRING_H 1
| #define HAVE_MEMORY_H 1
| #define HAVE_STRINGS_H 1
| #define HAVE_INTTYPES_H 1
| #define HAVE_STDINT_H 1
| #define HAVE_UNISTD_H 1
| #define HAVE_DLFCN_H 1
| #define LT_OBJDIR ".libs/"
| #define HAVE_SYS_INOTIFY_H 1
| #define HAVE_SYS_EPOLL_H 1
| #define HAVE_POLL_H 1
| #define HAVE_SYS_SELECT_H 1
| #define HAVE_SYS_EVENTFD_H 1
| #define HAVE_SYS_SIGNALFD_H 1
| #define HAVE_LINUX_AIO_ABI_H 1
| #define HAVE_INOTIFY_INIT 1
| #define HAVE_EPOLL_CTL 1
| /* end confdefs.h.  */
| /* Define port_create to an innocuous variant, in case <limits.h> declares port_create.
|    For example, HP-UX 11i <limits.h> declares gettimeofday.  */
| #define port_create innocuous_port_create
| 
| /* System header to define __stub macros and hopefully few prototypes,
|     which can conflict with char port_create (); below.
|     Prefer <limits.h> to <assert.h> if __STDC__ is defined, since
|     <limits.h> exists even on freestanding compilers.  */
| 
| #ifdef __STDC__
| # include <limits.h>
| #else
| # include <assert.h>
| #endif
| 
| #undef port_create
| 
| /* Override any GCC internal prototype to avoid an error.
|    Use char because int might match the return type of a GCC
|    builtin and then its argument prototype would still apply.  */
| #ifdef __cplusplus
| extern "C"
| #endif
| char port_create ();
| /* The GNU C library defines this for functions which it implements
|     to always fail with ENOSYS.  Some functions are actually named
|     something starting with __ and the normal name is an alias.  */
| #if defined __stub_port_create || defined __stub___port_create
| choke me
| #endif
| 
| int
| main ()
| {
| return port_create ();
|   ;
|   return 0;
| }
configure:8745: result: no
configure:8745: checking for poll
configure:8745: gcc -o conftest -g -O3   conftest.c  >&5
configure:8745: $? = 0
configure:8745: result: yes
configure:8745: checking for select
configure:8745: gcc -o conftest -g -O3   conftest.c  >&5
configure:8745: $? = 0
configure:8745: result: yes
configure:8745: checking for eventfd
configure:8745: gcc -o conftest -g -O3   conftest.c  >&5
configure:8745: $? = 0
configure:8745: result: yes
configure:8745: checking for signalfd
configure:8745: gcc -o conftest -g -O3   conftest.c  >&5
configure:8745: $? = 0
configure:8745: result: yes
configure:8757: checking for clock_gettime
configure:8757: gcc -o conftest -g -O3   conftest.c  >&5
configure:8757: $? = 0
configure:8757: result: yes
configure:8861: checking for nanosleep
configure:8861: gcc -o conftest -g -O3   conftest.c  >&5
configure:8861: $? = 0
configure:8861: result: yes
configure:8936: checking for library containing floor
configure:8967: gcc -o conftest -g -O3   conftest.c  >&5
conftest.c:45:6: warning: conflicting types for built-in function 'floor'; expected 'double(double)' [-Wbuiltin-declaration-mismatch]
   45 | char floor ();
      |      ^~~~~
conftest.c:1:1: note: 'floor' is declared in header '<math.h>'
    1 | /* confdefs.h */
/usr/bin/ld: /tmp/ccuM8vVj.o: in function `main':
/home/bq666/Workspace/LUA/libev-4.27/conftest.c:49: undefined reference to `floor'
collect2: error: ld returned 1 exit status
configure:8967: $? = 1
configure: failed program was:
| /* confdefs.h */
| #define PACKAGE_NAME "libev"
| #define PACKAGE_TARNAME "libev"
| #define PACKAGE_VERSION "4.27"
| #define PACKAGE_STRING "libev 4.27"
| #define PACKAGE_BUGREPORT ""
| #define PACKAGE_URL ""
| #define PACKAGE "libev"
| #define VERSION "4.27"
| #define STDC_HEADERS 1
| #define HAVE_SYS_TYPES_H 1
| #define HAVE_SYS_STAT_H 1
| #define HAVE_STDLIB_H 1
| #define HAVE_STRING_H 1
| #define HAVE_MEMORY_H 1
| #define HAVE_STRINGS_H 1
| #define HAVE_INTTYPES_H 1
| #define HAVE_STDINT_H 1
| #define HAVE_UNISTD_H 1
| #define HAVE_DLFCN_H 1
| #define LT_OBJDIR ".libs/"
| #define HAVE_SYS_INOTIFY_H 1
| #define HAVE_SYS_EPOLL_H 1
| #define HAVE_POLL_H 1
| #define HAVE_SYS_SELECT_H 1
| #define HAVE_SYS_EVENTFD_H 1
| #define HAVE_SYS_SIGNALFD_H 1
| #define HAVE_LINUX_AIO_ABI_H 1
| #define HAVE_INOTIFY_INIT 1
| #define HAVE_EPOLL_CTL 1
| #define HAVE_POLL 1
| #define HAVE_SELECT 1
| #define HAVE_EVENTFD 1
| #define HAVE_SIGNALFD 1
| #define HAVE_CLOCK_GETTIME 1
| #define HAVE_NANOSLEEP 1
| /* end confdefs.h.  */
| 
| /* Override any GCC internal prototype to avoid an error.
|    Use char because int might match the return type of a GCC
|    builtin and then its argument prototype would still apply.  */
| #ifdef __cplusplus
| extern "C"
| #endif
| char floor ();
| int
| main ()
| {
| return floor ();
|   ;
|   return 0;
| }
configure:8967: gcc -o conftest -g -O3   conftest.c -lm   >&5
conftest.c:45:6: warning: conflicting types for built-in function 'floor'; expected 'double(double)' [-Wbuiltin-declaration-mismatch]
   45 | char floor ();
      |      ^~~~~
conftest.c:1:1: note: 'floor' is declared in header '<math.h>'
    1 | /* confdefs.h */
configure:8967: $? = 0
configure:8984: result: -lm
configure:9100: checking that generated files are newer than configure
configure:9106: result: done
configure:9133: creating ./config.status

## ---------------------- ##
## Running config.status. ##
## ---------------------- ##

This file was extended by libev config.status 4.27, which was
generated by GNU Autoconf 2.69.  Invocation command line was

  CONFIG_FILES    = 
  CONFIG_HEADERS  = 
  CONFIG_LINKS    = 
  CONFIG_COMMANDS = 
  $ ./config.status 

on localhost.localdomain

config.status:1099: creating Makefile
config.status:1099: creating config.h
config.status:1328: executing depfiles commands
config.status:1405: cd .       && sed -e '/# am--include-marker/d' Makefile         | make -f - am--depfiles
config.status:1410: $? = 0
config.status:1328: executing libtool commands

## ---------------- ##
## Cache variables. ##
## ---------------- ##

ac_cv_build=x86_64-pc-linux-gnu
ac_cv_c_compiler_gnu=yes
ac_cv_env_CC_set=
ac_cv_env_CC_value=
ac_cv_env_CFLAGS_set=
ac_cv_env_CFLAGS_value=
ac_cv_env_CPPFLAGS_set=
ac_cv_env_CPPFLAGS_value=
ac_cv_env_CPP_set=
ac_cv_env_CPP_value=
ac_cv_env_LDFLAGS_set=
ac_cv_env_LDFLAGS_value=
ac_cv_env_LIBS_set=
ac_cv_env_LIBS_value=
ac_cv_env_LT_SYS_LIBRARY_PATH_set=
ac_cv_env_LT_SYS_LIBRARY_PATH_value=
ac_cv_env_build_alias_set=
ac_cv_env_build_alias_value=
ac_cv_env_host_alias_set=
ac_cv_env_host_alias_value=
ac_cv_env_target_alias_set=
ac_cv_env_target_alias_value=
ac_cv_func_clock_gettime=yes
ac_cv_func_epoll_ctl=yes
ac_cv_func_eventfd=yes
ac_cv_func_inotify_init=yes
ac_cv_func_kqueue=no
ac_cv_func_nanosleep=yes
ac_cv_func_poll=yes
ac_cv_func_port_create=no
ac_cv_func_select=yes
ac_cv_func_signalfd=yes
ac_cv_header_dlfcn_h=yes
ac_cv_header_inttypes_h=yes
ac_cv_header_linux_aio_abi_h=yes
ac_cv_header_memory_h=yes
ac_cv_header_poll_h=yes
ac_cv_header_port_h=no
ac_cv_header_stdc=yes
ac_cv_header_stdint_h=yes
ac_cv_header_stdlib_h=yes
ac_cv_header_string_h=yes
ac_cv_header_strings_h=yes
ac_cv_header_sys_epoll_h=yes
ac_cv_header_sys_event_h=no
ac_cv_header_sys_eventfd_h=yes
ac_cv_header_sys_inotify_h=yes
ac_cv_header_sys_select_h=yes
ac_cv_header_sys_signalfd_h=yes
ac_cv_header_sys_stat_h=yes
ac_cv_header_sys_types_h=yes
ac_cv_header_unistd_h=yes
ac_cv_host=x86_64-pc-linux-gnu
ac_cv_objext=o
ac_cv_path_EGREP='/usr/bin/grep -E'
ac_cv_path_FGREP='/usr/bin/grep -F'
ac_cv_path_GREP=/usr/bin/grep
ac_cv_path_SED=/usr/bin/sed
ac_cv_path_install='/usr/bin/install -c'
ac_cv_path_lt_DD=/usr/bin/dd
ac_cv_path_mkdir=/usr/bin/mkdir
ac_cv_prog_AWK=gawk
ac_cv_prog_CPP='gcc -E'
ac_cv_prog_ac_ct_AR=ar
ac_cv_prog_ac_ct_CC=gcc
ac_cv_prog_ac_ct_OBJDUMP=objdump
ac_cv_prog_ac_ct_RANLIB=ranlib
ac_cv_prog_ac_ct_STRIP=strip
ac_cv_prog_cc_c89=
ac_cv_prog_cc_g=yes
ac_cv_prog_make_make_set=yes
ac_cv_search_floor=-lm
am_cv_CC_dependencies_compiler_type=gcc3
am_cv_make_support_nested_variables=yes
am_cv_prog_cc_c_o=yes
lt_cv_ar_at_file=@
lt_cv_archive_cmds_need_lc=no
lt_cv_deplibs_check_method=pass_all
lt_cv_file_magic_cmd='$MAGIC_CMD'
lt_cv_file_magic_test_file=
lt_cv_ld_reload_flag=-r
lt_cv_nm_interface='BSD nm'
lt_cv_objdir=.libs
lt_cv_path_LD=/usr/bin/ld
lt_cv_path_NM='/usr/bin/nm -B'
lt_cv_path_mainfest_tool=no
lt_cv_prog_compiler_c_o=yes
lt_cv_prog_compiler_pic='-fPIC -DPIC'
lt_cv_prog_compiler_pic_works=yes
lt_cv_prog_compiler_rtti_exceptions=no
lt_cv_prog_compiler_static_works=no
lt_cv_prog_gnu_ld=yes
lt_cv_sharedlib_from_linklib_cmd='printf %s\n'
lt_cv_shlibpath_overrides_runpath=no
lt_cv_sys_global_symbol_pipe='sed -n -e '\''s/^.*[	 ]\([ABCDGIRSTW][ABCDGIRSTW]*\)[	 ][	 ]*\([_A-Za-z][_A-Za-z0-9]*\)$/\1 \2 \2/p'\'' | sed '\''/ __gnu_lto/d'\'''
lt_cv_sys_global_symbol_to_c_name_address='sed -n -e '\''s/^: \(.*\) .*$/  {"\1", (void *) 0},/p'\'' -e '\''s/^[ABCDGIRSTW][ABCDGIRSTW]* .* \(.*\)$/  {"\1", (void *) \&\1},/p'\'''
lt_cv_sys_global_symbol_to_c_name_address_lib_prefix='sed -n -e '\''s/^: \(.*\) .*$/  {"\1", (void *) 0},/p'\'' -e '\''s/^[ABCDGIRSTW][ABCDGIRSTW]* .* \(lib.*\)$/  {"\1", (void *) \&\1},/p'\'' -e '\''s/^[ABCDGIRSTW][ABCDGIRSTW]* .* \(.*\)$/  {"lib\1", (void *) \&\1},/p'\'''
lt_cv_sys_global_symbol_to_cdecl='sed -n -e '\''s/^T .* \(.*\)$/extern int \1();/p'\'' -e '\''s/^[ABCDGIRSTW][ABCDGIRSTW]* .* \(.*\)$/extern char \1;/p'\'''
lt_cv_sys_global_symbol_to_import=
lt_cv_sys_max_cmd_len=1572864
lt_cv_to_host_file_cmd=func_convert_file_noop
lt_cv_to_tool_file_cmd=func_convert_file_noop
lt_cv_truncate_bin='/usr/bin/dd bs=4096 count=1'

## ----------------- ##
## Output variables. ##
## ----------------- ##

ACLOCAL='${SHELL} /home/bq666/Workspace/LUA/libev-4.27/missing aclocal-1.16'
AMDEPBACKSLASH='\'
AMDEP_FALSE='#'
AMDEP_TRUE=''
AMTAR='$${TAR-tar}'
AM_BACKSLASH='\'
AM_DEFAULT_V='$(AM_DEFAULT_VERBOSITY)'
AM_DEFAULT_VERBOSITY='1'
AM_V='$(V)'
AR='ar'
AUTOCONF='${SHELL} /home/bq666/Workspace/LUA/libev-4.27/missing autoconf'
AUTOHEADER='${SHELL} /home/bq666/Workspace/LUA/libev-4.27/missing autoheader'
AUTOMAKE='${SHELL} /home/bq666/Workspace/LUA/libev-4.27/missing automake-1.16'
AWK='gawk'
CC='gcc'
CCDEPMODE='depmode=gcc3'
CFLAGS='-g -O3'
CPP='gcc -E'
CPPFLAGS=''
CYGPATH_W='echo'
DEFS='-DHAVE_CONFIG_H'
DEPDIR='.deps'
DLLTOOL='false'
DSYMUTIL=''
DUMPBIN=''
ECHO_C=''
ECHO_N='-n'
ECHO_T=''
EGREP='/usr/bin/grep -E'
EXEEXT=''
FGREP='/usr/bin/grep -F'
GREP='/usr/bin/grep'
INSTALL_DATA='${INSTALL} -m 644'
INSTALL_PROGRAM='${INSTALL}'
INSTALL_SCRIPT='${INSTALL}'
INSTALL_STRIP_PROGRAM='$(install_sh) -c -s'
LD='/usr/bin/ld -m elf_x86_64'
LDFLAGS=''
LIBOBJS=''
LIBS='-lm '
LIBTOOL='$(SHELL) $(top_builddir)/libtool'
LIPO=''
LN_S='ln -s'
LTLIBOBJS=''
LT_SYS_LIBRARY_PATH=''
MAINT='#'
MAINTAINER_MODE_FALSE=''
MAINTAINER_MODE_TRUE='#'
MAKEINFO='${SHELL} /home/bq666/Workspace/LUA/libev-4.27/missing makeinfo'
MANIFEST_TOOL=':'
MKDIR_P='/usr/bin/mkdir -p'
NM='/usr/bin/nm -B'
NMEDIT=''
OBJDUMP='objdump'
OBJEXT='o'
OTOOL64=''
OTOOL=''
PACKAGE='libev'
PACKAGE_BUGREPORT=''
PACKAGE_NAME='libev'
PACKAGE_STRING='libev 4.27'
PACKAGE_TARNAME='libev'
PACKAGE_URL=''
PACKAGE_VERSION='4.27'
PATH_SEPARATOR=':'
RANLIB='ranlib'
SED='/usr/bin/sed'
SET_MAKE=''
SHELL='/bin/sh'
STRIP='strip'
VERSION='4.27'
ac_ct_AR='ar'
ac_ct_CC='gcc'
ac_ct_DUMPBIN=''
am__EXEEXT_FALSE=''
am__EXEEXT_TRUE='#'
am__fastdepCC_FALSE='#'
am__fastdepCC_TRUE=''
am__include='include'
am__isrc=''
am__leading_dot='.'
am__nodep='_no'
am__quote=''
am__tar='$${TAR-tar} chof - "$$tardir"'
am__untar='$${TAR-tar} xf -'
bindir='${exec_prefix}/bin'
build='x86_64-pc-linux-gnu'
build_alias=''
build_cpu='x86_64'
build_os='linux-gnu'
build_vendor='pc'
datadir='${datarootdir}'
datarootdir='${prefix}/share'
docdir='${datarootdir}/doc/${PACKAGE_TARNAME}'
dvidir='${docdir}'
exec_prefix='${prefix}'
host='x86_64-pc-linux-gnu'
host_alias=''
host_cpu='x86_64'
host_os='linux-gnu'
host_vendor='pc'
htmldir='${docdir}'
includedir='${prefix}/include'
infodir='${datarootdir}/info'
install_sh='${SHELL} /home/bq666/Workspace/LUA/libev-4.27/install-sh'
libdir='${exec_prefix}/lib'
libexecdir='${exec_prefix}/libexec'
localedir='${datarootdir}/locale'
localstatedir='${prefix}/var'
mandir='${datarootdir}/man'
mkdir_p='$(MKDIR_P)'
oldincludedir='/usr/include'
pdfdir='${docdir}'
prefix='/usr/local'
program_transform_name='s,x,x,'
psdir='${docdir}'
runstatedir='${localstatedir}/run'
sbindir='${exec_prefix}/sbin'
sharedstatedir='${prefix}/com'
sysconfdir='${prefix}/etc'
target_alias=''

## ----------- ##
## confdefs.h. ##
## ----------- ##

/* confdefs.h */
#define PACKAGE_NAME "libev"
#define PACKAGE_TARNAME "libev"
#define PACKAGE_VERSION "4.27"
#define PACKAGE_STRING "libev 4.27"
#define PACKAGE_BUGREPORT ""
#define PACKAGE_URL ""
#define PACKAGE "libev"
#define VERSION "4.27"
#define STDC_HEADERS 1
#define HAVE_SYS_TYPES_H 1
#define HAVE_SYS_STAT_H 1
#define HAVE_STDLIB_H 1
#define HAVE_STRING_H 1
#define HAVE_MEMORY_H 1
#define HAVE_STRINGS_H 1
#define HAVE_INTTYPES_H 1
#define HAVE_STDINT_H 1
#define HAVE_UNISTD_H 1
#define HAVE_DLFCN_H 1
#define LT_OBJDIR ".libs/"
#define HAVE_SYS_INOTIFY_H 1
#define HAVE_SYS_EPOLL_H 1
#define HAVE_POLL_H 1
#define HAVE_SYS_SELECT_H 1
#define HAVE_SYS_EVENTFD_H 1
#define HAVE_SYS_SIGNALFD_H 1
#define HAVE_LINUX_AIO_ABI_H 1
#define HAVE_INOTIFY_INIT 1
#define HAVE_EPOLL_CTL 1
#define HAVE_POLL 1
#define HAVE_SELECT 1
#define HAVE_EVENTFD 1
#define HAVE_SIGNALFD 1
#define HAVE_CLOCK_GETTIME 1
#define HAVE_NANOSLEEP 1
#define HAVE_FLOOR 1

configure: exit 0
